At Date:  (May 7, 2023, 19:39:47) The machine :  grind: 30 gram of Arabica beans

At Date:  (May 7, 2023, 19:39:47) The machine :  grind: 20 gram of Roubsta beans

At Date:  (May 7, 2023, 19:39:47) The machine : You used: 60 ml of Water

At Date:  (May 7, 2023, 19:39:47) The machine : Order coffee: 
coffee cup has: 4.2
gram Arabica  9.8 gram Robusta.
Coffee Type: Espresso
Coffee Size: double shot
Coffee Powder: Rough
Caffeine amount: 12.35 mg

At Date:  (May 7, 2023, 19:43:24) The machine :  grind: 30 gram of Roubsta beans

At Date:  (May 7, 2023, 19:43:24) The machine :  grind: 20 gram of Arabica beans

At Date:  (May 7, 2023, 19:43:24) The machine : You used: 170 ml of Water

At Date:  (May 7, 2023, 19:43:24) The machine : Order coffee: 
coffee cup has: 2.1
gram Arabica  4.9 gram Robusta.
Coffee Type: Americano
Coffee Size: single shot
Coffee Powder: Rough
Caffeine amount: 108.5 mg

At Date:  (May 7, 2023, 19:45:50) The machine :  grind: 50 gram of Roubsta beans

At Date:  (May 7, 2023, 19:45:50) The machine :  grind: 50 gram of Arabica beans

At Date:  (May 7, 2023, 19:45:50) The machine : You used: 220 ml of Water

At Date:  (May 7, 2023, 19:45:50) The machine : Order coffee: 
coffee cup has: 7gram Arabica
 And 7 gram Robusta.
Coffee Type: Americano
Coffee Size: double shot
Coffee Powder: Rough
Caffeine amount: 203 mg

At Date:  (May 7, 2023, 19:48:06) The machine :  grind: 10 gram of Arabica beans

